# do {.\sim.do} 
# ** Warning: (vlib-34) Library already exists at "work".
# 
# Modifying C:\modeltech_10.1a\win32/../modelsim.ini
# Model Technology ModelSim SE vlog 10.1a Compiler 2012.02 Feb 22 2012
# -- Compiling module alarm
# -- Compiling module alarm_clock_controller
# -- Compiling module ct_mod_N
# -- Compiling module lcd_int
# -- Compiling module negedge_pulse
# -- Compiling module posedge_pulse
# -- Compiling module struct_diag
# 
# Top level modules:
# 	struct_diag
# Model Technology ModelSim SE vlog 10.1a Compiler 2012.02 Feb 22 2012
# -- Compiling package lab2_tb_file_sv_unit
# -- Compiling module lab2_tb
# 
# Top level modules:
# 	lab2_tb
# vsim -t 1ns work.lab2_tb 
# ** Note: (vsim-3813) Design is being optimized due to module recompilation...
# 
# ** Note: (vsim-3865) Due to PLI being present, full design access is being specified.
# 
# Loading C:\modeltech_10.1a\win32/novas.dll
# Loading C:\Novas\Debussy\share\PLI\modelsim_pli54\WINNT\novas.dll
# //  ModelSim SE 10.1a Feb 22 2012 
# //
# //  Copyright 1991-2012 Mentor Graphics Corporation
# //  All Rights Reserved.
# //
# //  THIS WORK CONTAINS TRADE SECRET AND PROPRIETARY INFORMATION
# //  WHICH IS THE PROPERTY OF MENTOR GRAPHICS CORPORATION OR ITS
# //  LICENSORS AND IS SUBJECT TO LICENSE TERMS.
# //
# Loading sv_std.std
# Loading work.lab2_tb_file_sv_unit(fast)
# Loading work.lab2_tb(fast)
# Loading work.struct_diag(fast)
# Loading work.negedge_pulse(fast)
# Loading work.posedge_pulse(fast)
# Loading work.alarm_clock_controller(fast)
# Loading work.ct_mod_N(fast)
# Loading work.ct_mod_N(fast__1)
# Loading work.lcd_int(fast)
# Loading work.alarm(fast)
# Novas FSDB Dumper for ModelSim54, Release 5.4v9 (Win95/NT) 05/04/2005
# Copyright (C) 1996 - 2004 by Novas Software, Inc.
# *Novas* Create FSDB file 'novas.fsdb'
# *Novas* Start dumping the scope(lab2_tb), layer(0).
# ** Error: (vsim-PLI-3680) Value change callback not allowed for automatic variable 'lab2_tb.i'.    : ../testbench/lab2_tb_file.sv(156)
#    Time: 0 ns  Iteration: 0  Instance: /lab2_tb
# *Novas* End of dumping.
# ** Note: $finish    : ../testbench/lab2_tb_file.sv(186)
#    Time: 3221 us  Iteration: 0  Instance: /lab2_tb
