Timing Analyzer report for robsmult
Sun Apr 30 00:37:38 2023
Quartus Prime Version 20.1.1 Build 720 11/11/2020 SJ Lite Edition


---------------------
; Table of Contents ;
---------------------
  1. Legal Notice
  2. Timing Analyzer Summary
  3. Parallel Compilation
  4. Clocks
  5. Slow 900mV 100C Model Fmax Summary
  6. Timing Closure Recommendations
  7. Slow 900mV 100C Model Setup Summary
  8. Slow 900mV 100C Model Hold Summary
  9. Slow 900mV 100C Model Recovery Summary
 10. Slow 900mV 100C Model Removal Summary
 11. Slow 900mV 100C Model Minimum Pulse Width Summary
 12. Slow 900mV 100C Model Metastability Summary
 13. Slow 900mV -40C Model Fmax Summary
 14. Slow 900mV -40C Model Setup Summary
 15. Slow 900mV -40C Model Hold Summary
 16. Slow 900mV -40C Model Recovery Summary
 17. Slow 900mV -40C Model Removal Summary
 18. Slow 900mV -40C Model Minimum Pulse Width Summary
 19. Slow 900mV -40C Model Metastability Summary
 20. Fast 900mV -40C Model Setup Summary
 21. Fast 900mV -40C Model Hold Summary
 22. Fast 900mV -40C Model Recovery Summary
 23. Fast 900mV -40C Model Removal Summary
 24. Fast 900mV -40C Model Minimum Pulse Width Summary
 25. Fast 900mV -40C Model Metastability Summary
 26. Multicorner Timing Analysis Summary
 27. Board Trace Model Assignments
 28. Input Transition Times
 29. Signal Integrity Metrics (Slow 900mv n40c Model)
 30. Signal Integrity Metrics (Slow 900mv 100c Model)
 31. Signal Integrity Metrics (Fast 900mv n40c Model)
 32. Setup Transfers
 33. Hold Transfers
 34. Recovery Transfers
 35. Removal Transfers
 36. Report TCCS
 37. Report RSKM
 38. Unconstrained Paths Summary
 39. Clock Status Summary
 40. Unconstrained Input Ports
 41. Unconstrained Output Ports
 42. Unconstrained Input Ports
 43. Unconstrained Output Ports
 44. Timing Analyzer Messages



----------------
; Legal Notice ;
----------------
Copyright (C) 2020  Intel Corporation. All rights reserved.
Your use of Intel Corporation's design tools, logic functions 
and other software and tools, and any partner logic 
functions, and any output files from any of the foregoing 
(including device programming or simulation files), and any 
associated documentation or information are expressly subject 
to the terms and conditions of the Intel Program License 
Subscription Agreement, the Intel Quartus Prime License Agreement,
the Intel FPGA IP License Agreement, or other applicable license
agreement, including, without limitation, that your use is for
the sole purpose of programming logic devices manufactured by
Intel and sold by Intel or its authorized distributors.  Please
refer to the applicable agreement for further details, at
https://fpgasoftware.intel.com/eula.



+-----------------------------------------------------------------------------+
; Timing Analyzer Summary                                                     ;
+-----------------------+-----------------------------------------------------+
; Quartus Prime Version ; Version 20.1.1 Build 720 11/11/2020 SJ Lite Edition ;
; Timing Analyzer       ; Legacy Timing Analyzer                              ;
; Revision Name         ; robsmult                                            ;
; Device Family         ; Arria II GX                                         ;
; Device Name           ; EP2AGX45CU17I3                                      ;
; Timing Models         ; Final                                               ;
; Delay Model           ; Combined                                            ;
; Rise/Fall Delays      ; Enabled                                             ;
+-----------------------+-----------------------------------------------------+


+------------------------------------------+
; Parallel Compilation                     ;
+----------------------------+-------------+
; Processors                 ; Number      ;
+----------------------------+-------------+
; Number detected on machine ; 16          ;
; Maximum allowed            ; 8           ;
;                            ;             ;
; Average used               ; 1.02        ;
; Maximum used               ; 8           ;
;                            ;             ;
; Usage by Processor         ; % Time Used ;
;     Processor 1            ; 100.0%      ;
;     Processors 2-8         ;   0.3%      ;
+----------------------------+-------------+


+---------------------------------------------------------------------------------------------------------------------------------------------------------------------------------+
; Clocks                                                                                                                                                                          ;
+------------+------+--------+------------+-------+-------+------------+-----------+-------------+-------+--------+-----------+------------+----------+--------+--------+---------+
; Clock Name ; Type ; Period ; Frequency  ; Rise  ; Fall  ; Duty Cycle ; Divide by ; Multiply by ; Phase ; Offset ; Edge List ; Edge Shift ; Inverted ; Master ; Source ; Targets ;
+------------+------+--------+------------+-------+-------+------------+-----------+-------------+-------+--------+-----------+------------+----------+--------+--------+---------+
; clk        ; Base ; 1.000  ; 1000.0 MHz ; 0.000 ; 0.500 ;            ;           ;             ;       ;        ;           ;            ;          ;        ;        ; { clk } ;
+------------+------+--------+------------+-------+-------+------------+-----------+-------------+-------+--------+-----------+------------+----------+--------+--------+---------+


+-----------------------------------------------------------------------------------------------------------+
; Slow 900mV 100C Model Fmax Summary                                                                        ;
+------------+-----------------+------------+---------------------------------------------------------------+
; Fmax       ; Restricted Fmax ; Clock Name ; Note                                                          ;
+------------+-----------------+------------+---------------------------------------------------------------+
; 524.11 MHz ; 260.01 MHz      ; clk        ; limit due to minimum period restriction (max I/O toggle rate) ;
+------------+-----------------+------------+---------------------------------------------------------------+
This panel reports FMAX for every clock in the design, regardless of the user-specified clock periods.  FMAX is only computed for paths where the source and destination registers or ports are driven by the same clock.  Paths of different clocks, including generated clocks, are ignored.  For paths between a clock and its inversion, FMAX is computed as if the rising and falling edges are scaled along with FMAX, such that the duty cycle (in terms of a percentage) is maintained. Altera recommends that you always use clock constraints and other slack reports for sign-off analysis.


----------------------------------
; Timing Closure Recommendations ;
----------------------------------
HTML report is unavailable in plain text report export.


+-------------------------------------+
; Slow 900mV 100C Model Setup Summary ;
+-------+--------+--------------------+
; Clock ; Slack  ; End Point TNS      ;
+-------+--------+--------------------+
; clk   ; -0.908 ; -36.314            ;
+-------+--------+--------------------+


+------------------------------------+
; Slow 900mV 100C Model Hold Summary ;
+-------+-------+--------------------+
; Clock ; Slack ; End Point TNS      ;
+-------+-------+--------------------+
; clk   ; 0.297 ; 0.000              ;
+-------+-------+--------------------+


+----------------------------------------+
; Slow 900mV 100C Model Recovery Summary ;
+-------+--------+-----------------------+
; Clock ; Slack  ; End Point TNS         ;
+-------+--------+-----------------------+
; clk   ; -0.472 ; -3.776                ;
+-------+--------+-----------------------+


+---------------------------------------+
; Slow 900mV 100C Model Removal Summary ;
+-------+-------+-----------------------+
; Clock ; Slack ; End Point TNS         ;
+-------+-------+-----------------------+
; clk   ; 0.698 ; 0.000                 ;
+-------+-------+-----------------------+


+---------------------------------------------------+
; Slow 900mV 100C Model Minimum Pulse Width Summary ;
+-------+--------+----------------------------------+
; Clock ; Slack  ; End Point TNS                    ;
+-------+--------+----------------------------------+
; clk   ; -2.846 ; -105.337                         ;
+-------+--------+----------------------------------+


-----------------------------------------------
; Slow 900mV 100C Model Metastability Summary ;
-----------------------------------------------
No synchronizer chains to report.


+-----------------------------------------------------------------------------------------------------------+
; Slow 900mV -40C Model Fmax Summary                                                                        ;
+------------+-----------------+------------+---------------------------------------------------------------+
; Fmax       ; Restricted Fmax ; Clock Name ; Note                                                          ;
+------------+-----------------+------------+---------------------------------------------------------------+
; 544.07 MHz ; 260.01 MHz      ; clk        ; limit due to minimum period restriction (max I/O toggle rate) ;
+------------+-----------------+------------+---------------------------------------------------------------+
This panel reports FMAX for every clock in the design, regardless of the user-specified clock periods.  FMAX is only computed for paths where the source and destination registers or ports are driven by the same clock.  Paths of different clocks, including generated clocks, are ignored.  For paths between a clock and its inversion, FMAX is computed as if the rising and falling edges are scaled along with FMAX, such that the duty cycle (in terms of a percentage) is maintained. Altera recommends that you always use clock constraints and other slack reports for sign-off analysis.


+-------------------------------------+
; Slow 900mV -40C Model Setup Summary ;
+-------+--------+--------------------+
; Clock ; Slack  ; End Point TNS      ;
+-------+--------+--------------------+
; clk   ; -0.838 ; -31.274            ;
+-------+--------+--------------------+


+------------------------------------+
; Slow 900mV -40C Model Hold Summary ;
+-------+-------+--------------------+
; Clock ; Slack ; End Point TNS      ;
+-------+-------+--------------------+
; clk   ; 0.289 ; 0.000              ;
+-------+-------+--------------------+


+----------------------------------------+
; Slow 900mV -40C Model Recovery Summary ;
+-------+--------+-----------------------+
; Clock ; Slack  ; End Point TNS         ;
+-------+--------+-----------------------+
; clk   ; -0.382 ; -3.056                ;
+-------+--------+-----------------------+


+---------------------------------------+
; Slow 900mV -40C Model Removal Summary ;
+-------+-------+-----------------------+
; Clock ; Slack ; End Point TNS         ;
+-------+-------+-----------------------+
; clk   ; 0.656 ; 0.000                 ;
+-------+-------+-----------------------+


+---------------------------------------------------+
; Slow 900mV -40C Model Minimum Pulse Width Summary ;
+-------+--------+----------------------------------+
; Clock ; Slack  ; End Point TNS                    ;
+-------+--------+----------------------------------+
; clk   ; -2.846 ; -105.335                         ;
+-------+--------+----------------------------------+


-----------------------------------------------
; Slow 900mV -40C Model Metastability Summary ;
-----------------------------------------------
No synchronizer chains to report.


+-------------------------------------+
; Fast 900mV -40C Model Setup Summary ;
+-------+-------+---------------------+
; Clock ; Slack ; End Point TNS       ;
+-------+-------+---------------------+
; clk   ; 0.053 ; 0.000               ;
+-------+-------+---------------------+


+------------------------------------+
; Fast 900mV -40C Model Hold Summary ;
+-------+-------+--------------------+
; Clock ; Slack ; End Point TNS      ;
+-------+-------+--------------------+
; clk   ; 0.138 ; 0.000              ;
+-------+-------+--------------------+


+----------------------------------------+
; Fast 900mV -40C Model Recovery Summary ;
+-------+-------+------------------------+
; Clock ; Slack ; End Point TNS          ;
+-------+-------+------------------------+
; clk   ; 0.257 ; 0.000                  ;
+-------+-------+------------------------+


+---------------------------------------+
; Fast 900mV -40C Model Removal Summary ;
+-------+-------+-----------------------+
; Clock ; Slack ; End Point TNS         ;
+-------+-------+-----------------------+
; clk   ; 0.349 ; 0.000                 ;
+-------+-------+-----------------------+


+---------------------------------------------------+
; Fast 900mV -40C Model Minimum Pulse Width Summary ;
+-------+--------+----------------------------------+
; Clock ; Slack  ; End Point TNS                    ;
+-------+--------+----------------------------------+
; clk   ; -2.846 ; -45.191                          ;
+-------+--------+----------------------------------+


-----------------------------------------------
; Fast 900mV -40C Model Metastability Summary ;
-----------------------------------------------
No synchronizer chains to report.


+-------------------------------------------------------------------------------+
; Multicorner Timing Analysis Summary                                           ;
+------------------+---------+-------+----------+---------+---------------------+
; Clock            ; Setup   ; Hold  ; Recovery ; Removal ; Minimum Pulse Width ;
+------------------+---------+-------+----------+---------+---------------------+
; Worst-case Slack ; -0.908  ; 0.138 ; -0.472   ; 0.349   ; -2.846              ;
;  clk             ; -0.908  ; 0.138 ; -0.472   ; 0.349   ; -2.846              ;
; Design-wide TNS  ; -36.314 ; 0.0   ; -3.776   ; 0.0     ; -105.337            ;
;  clk             ; -36.314 ; 0.000 ; -3.776   ; 0.000   ; -105.337            ;
+------------------+---------+-------+----------+---------+---------------------+


+------------------------------------------------------------------------------------------------------------------------------------------------------------------------------------------------------------------------------------------------------------------------------------------------------------------------------------------------------------------------------------------------------------------+
; Board Trace Model Assignments                                                                                                                                                                                                                                                                                                                                                                                    ;
+---------------+--------------+-------------------+-------------------------+-------------------------+---------------+---------------------+----------------+------------------+--------+------------------+------------------------+------------------------+--------------+---------------+-----------------+-------+---------------------+--------------------+---------------+-----------------+-------------+
; Pin           ; I/O Standard ; Near Tline Length ; Near Tline L per Length ; Near Tline C per Length ; Near Series R ; Near Differential R ; Near Pull-up R ; Near Pull-down R ; Near C ; Far Tline Length ; Far Tline L per Length ; Far Tline C per Length ; Far Series R ; Far Pull-up R ; Far Pull-down R ; Far C ; Termination Voltage ; Far Differential R ; EBD File Name ; EBD Signal Name ; EBD Far-end ;
+---------------+--------------+-------------------+-------------------------+-------------------------+---------------+---------------------+----------------+------------------+--------+------------------+------------------------+------------------------+--------------+---------------+-----------------+-------+---------------------+--------------------+---------------+-----------------+-------------+
; product[0]    ; 2.5 V        ; 0 in              ; 0 H/in                  ; 0 F/in                  ; short         ; -                   ; open           ; open             ; open   ; 0 in             ; 0 H/in                 ; 0 F/in                 ; short        ; open          ; open            ; open  ; 0 V                 ; -                  ; n/a           ; n/a             ; n/a         ;
; product[1]    ; 2.5 V        ; 0 in              ; 0 H/in                  ; 0 F/in                  ; short         ; -                   ; open           ; open             ; open   ; 0 in             ; 0 H/in                 ; 0 F/in                 ; short        ; open          ; open            ; open  ; 0 V                 ; -                  ; n/a           ; n/a             ; n/a         ;
; product[2]    ; 2.5 V        ; 0 in              ; 0 H/in                  ; 0 F/in                  ; short         ; -                   ; open           ; open             ; open   ; 0 in             ; 0 H/in                 ; 0 F/in                 ; short        ; open          ; open            ; open  ; 0 V                 ; -                  ; n/a           ; n/a             ; n/a         ;
; product[3]    ; 2.5 V        ; 0 in              ; 0 H/in                  ; 0 F/in                  ; short         ; -                   ; open           ; open             ; open   ; 0 in             ; 0 H/in                 ; 0 F/in                 ; short        ; open          ; open            ; open  ; 0 V                 ; -                  ; n/a           ; n/a             ; n/a         ;
; product[4]    ; 2.5 V        ; 0 in              ; 0 H/in                  ; 0 F/in                  ; short         ; -                   ; open           ; open             ; open   ; 0 in             ; 0 H/in                 ; 0 F/in                 ; short        ; open          ; open            ; open  ; 0 V                 ; -                  ; n/a           ; n/a             ; n/a         ;
; product[5]    ; 2.5 V        ; 0 in              ; 0 H/in                  ; 0 F/in                  ; short         ; -                   ; open           ; open             ; open   ; 0 in             ; 0 H/in                 ; 0 F/in                 ; short        ; open          ; open            ; open  ; 0 V                 ; -                  ; n/a           ; n/a             ; n/a         ;
; product[6]    ; 2.5 V        ; 0 in              ; 0 H/in                  ; 0 F/in                  ; short         ; -                   ; open           ; open             ; open   ; 0 in             ; 0 H/in                 ; 0 F/in                 ; short        ; open          ; open            ; open  ; 0 V                 ; -                  ; n/a           ; n/a             ; n/a         ;
; product[7]    ; 2.5 V        ; 0 in              ; 0 H/in                  ; 0 F/in                  ; short         ; -                   ; open           ; open             ; open   ; 0 in             ; 0 H/in                 ; 0 F/in                 ; short        ; open          ; open            ; open  ; 0 V                 ; -                  ; n/a           ; n/a             ; n/a         ;
; product[8]    ; 2.5 V        ; 0 in              ; 0 H/in                  ; 0 F/in                  ; short         ; -                   ; open           ; open             ; open   ; 0 in             ; 0 H/in                 ; 0 F/in                 ; short        ; open          ; open            ; open  ; 0 V                 ; -                  ; n/a           ; n/a             ; n/a         ;
; product[9]    ; 2.5 V        ; 0 in              ; 0 H/in                  ; 0 F/in                  ; short         ; -                   ; open           ; open             ; open   ; 0 in             ; 0 H/in                 ; 0 F/in                 ; short        ; open          ; open            ; open  ; 0 V                 ; -                  ; n/a           ; n/a             ; n/a         ;
; product[10]   ; 2.5 V        ; 0 in              ; 0 H/in                  ; 0 F/in                  ; short         ; -                   ; open           ; open             ; open   ; 0 in             ; 0 H/in                 ; 0 F/in                 ; short        ; open          ; open            ; open  ; 0 V                 ; -                  ; n/a           ; n/a             ; n/a         ;
; product[11]   ; 2.5 V        ; 0 in              ; 0 H/in                  ; 0 F/in                  ; short         ; -                   ; open           ; open             ; open   ; 0 in             ; 0 H/in                 ; 0 F/in                 ; short        ; open          ; open            ; open  ; 0 V                 ; -                  ; n/a           ; n/a             ; n/a         ;
; product[12]   ; 2.5 V        ; 0 in              ; 0 H/in                  ; 0 F/in                  ; short         ; -                   ; open           ; open             ; open   ; 0 in             ; 0 H/in                 ; 0 F/in                 ; short        ; open          ; open            ; open  ; 0 V                 ; -                  ; n/a           ; n/a             ; n/a         ;
; product[13]   ; 2.5 V        ; 0 in              ; 0 H/in                  ; 0 F/in                  ; short         ; -                   ; open           ; open             ; open   ; 0 in             ; 0 H/in                 ; 0 F/in                 ; short        ; open          ; open            ; open  ; 0 V                 ; -                  ; n/a           ; n/a             ; n/a         ;
; product[14]   ; 2.5 V        ; 0 in              ; 0 H/in                  ; 0 F/in                  ; short         ; -                   ; open           ; open             ; open   ; 0 in             ; 0 H/in                 ; 0 F/in                 ; short        ; open          ; open            ; open  ; 0 V                 ; -                  ; n/a           ; n/a             ; n/a         ;
; product[15]   ; 2.5 V        ; 0 in              ; 0 H/in                  ; 0 F/in                  ; short         ; -                   ; open           ; open             ; open   ; 0 in             ; 0 H/in                 ; 0 F/in                 ; short        ; open          ; open            ; open  ; 0 V                 ; -                  ; n/a           ; n/a             ; n/a         ;
; done          ; 2.5 V        ; 0 in              ; 0 H/in                  ; 0 F/in                  ; short         ; -                   ; open           ; open             ; open   ; 0 in             ; 0 H/in                 ; 0 F/in                 ; short        ; open          ; open            ; open  ; 0 V                 ; -                  ; n/a           ; n/a             ; n/a         ;
; ~ALTERA_nCEO~ ; 2.5 V        ; 0 in              ; 0 H/in                  ; 0 F/in                  ; short         ; -                   ; open           ; open             ; open   ; 0 in             ; 0 H/in                 ; 0 F/in                 ; short        ; open          ; open            ; open  ; 0 V                 ; -                  ; n/a           ; n/a             ; n/a         ;
+---------------+--------------+-------------------+-------------------------+-------------------------+---------------+---------------------+----------------+------------------+--------+------------------+------------------------+------------------------+--------------+---------------+-----------------+-------+---------------------+--------------------+---------------+-----------------+-------------+


+--------------------------------------------------------------------+
; Input Transition Times                                             ;
+-----------------+--------------+-----------------+-----------------+
; Pin             ; I/O Standard ; 10-90 Rise Time ; 90-10 Fall Time ;
+-----------------+--------------+-----------------+-----------------+
; clk             ; 2.5 V        ; 2000 ps         ; 2000 ps         ;
; multiplier[0]   ; 2.5 V        ; 2000 ps         ; 2000 ps         ;
; multiplier[1]   ; 2.5 V        ; 2000 ps         ; 2000 ps         ;
; multiplier[2]   ; 2.5 V        ; 2000 ps         ; 2000 ps         ;
; multiplier[3]   ; 2.5 V        ; 2000 ps         ; 2000 ps         ;
; multiplier[4]   ; 2.5 V        ; 2000 ps         ; 2000 ps         ;
; multiplier[5]   ; 2.5 V        ; 2000 ps         ; 2000 ps         ;
; multiplier[6]   ; 2.5 V        ; 2000 ps         ; 2000 ps         ;
; multiplier[7]   ; 2.5 V        ; 2000 ps         ; 2000 ps         ;
; reset           ; 2.5 V        ; 2000 ps         ; 2000 ps         ;
; multiplicand[7] ; 2.5 V        ; 2000 ps         ; 2000 ps         ;
; multiplicand[0] ; 2.5 V        ; 2000 ps         ; 2000 ps         ;
; multiplicand[1] ; 2.5 V        ; 2000 ps         ; 2000 ps         ;
; multiplicand[2] ; 2.5 V        ; 2000 ps         ; 2000 ps         ;
; multiplicand[3] ; 2.5 V        ; 2000 ps         ; 2000 ps         ;
; multiplicand[4] ; 2.5 V        ; 2000 ps         ; 2000 ps         ;
; multiplicand[5] ; 2.5 V        ; 2000 ps         ; 2000 ps         ;
; multiplicand[6] ; 2.5 V        ; 2000 ps         ; 2000 ps         ;
+-----------------+--------------+-----------------+-----------------+


+--------------------------------------------------------------------------------------------------------------------------------------------------------------------------------------------------------------------------------------------------------------------------------------------------------------------------------------------------------------------------------------------------------------------------------------------------------------------------------------------------------------------------------------------------------------------------------------------------------------------------------------------------------------------------------------------+
; Signal Integrity Metrics (Slow 900mv n40c Model)                                                                                                                                                                                                                                                                                                                                                                                                                                                                                                                                                                                                                                           ;
+---------------+--------------+---------------------+---------------------+------------------------------+------------------------------+---------------------+---------------------+--------------------------------------+--------------------------------------+-----------------------------+-----------------------------+----------------------------+----------------------------+-----------------------------+-----------------------------+--------------------+--------------------+-------------------------------------+-------------------------------------+----------------------------+----------------------------+---------------------------+---------------------------+
; Pin           ; I/O Standard ; Board Delay on Rise ; Board Delay on Fall ; Steady State Voh at FPGA Pin ; Steady State Vol at FPGA Pin ; Voh Max at FPGA Pin ; Vol Min at FPGA Pin ; Ringback Voltage on Rise at FPGA Pin ; Ringback Voltage on Fall at FPGA Pin ; 10-90 Rise Time at FPGA Pin ; 90-10 Fall Time at FPGA Pin ; Monotonic Rise at FPGA Pin ; Monotonic Fall at FPGA Pin ; Steady State Voh at Far-end ; Steady State Vol at Far-end ; Voh Max at Far-end ; Vol Min at Far-end ; Ringback Voltage on Rise at Far-end ; Ringback Voltage on Fall at Far-end ; 10-90 Rise Time at Far-end ; 90-10 Fall Time at Far-end ; Monotonic Rise at Far-end ; Monotonic Fall at Far-end ;
+---------------+--------------+---------------------+---------------------+------------------------------+------------------------------+---------------------+---------------------+--------------------------------------+--------------------------------------+-----------------------------+-----------------------------+----------------------------+----------------------------+-----------------------------+-----------------------------+--------------------+--------------------+-------------------------------------+-------------------------------------+----------------------------+----------------------------+---------------------------+---------------------------+
; product[0]    ; 2.5 V        ; 0 s                 ; 0 s                 ; 2.28 V                       ; 3.96e-08 V                   ; 2.31 V              ; -0.0217 V           ; 0.231 V                              ; 0.167 V                              ; 5.27e-10 s                  ; 4.98e-10 s                  ; No                         ; Yes                        ; 2.28 V                      ; 3.96e-08 V                  ; 2.31 V             ; -0.0217 V          ; 0.231 V                             ; 0.167 V                             ; 5.27e-10 s                 ; 4.98e-10 s                 ; No                        ; Yes                       ;
; product[1]    ; 2.5 V        ; 0 s                 ; 0 s                 ; 2.28 V                       ; 3.94e-08 V                   ; 2.31 V              ; -0.0225 V           ; 0.246 V                              ; 0.189 V                              ; 5.43e-10 s                  ; 5.09e-10 s                  ; No                         ; Yes                        ; 2.28 V                      ; 3.94e-08 V                  ; 2.31 V             ; -0.0225 V          ; 0.246 V                             ; 0.189 V                             ; 5.43e-10 s                 ; 5.09e-10 s                 ; No                        ; Yes                       ;
; product[2]    ; 2.5 V        ; 0 s                 ; 0 s                 ; 2.28 V                       ; 3.94e-08 V                   ; 2.31 V              ; -0.0225 V           ; 0.246 V                              ; 0.189 V                              ; 5.43e-10 s                  ; 5.09e-10 s                  ; No                         ; Yes                        ; 2.28 V                      ; 3.94e-08 V                  ; 2.31 V             ; -0.0225 V          ; 0.246 V                             ; 0.189 V                             ; 5.43e-10 s                 ; 5.09e-10 s                 ; No                        ; Yes                       ;
; product[3]    ; 2.5 V        ; 0 s                 ; 0 s                 ; 2.28 V                       ; 3.96e-08 V                   ; 2.31 V              ; -0.0217 V           ; 0.231 V                              ; 0.167 V                              ; 5.27e-10 s                  ; 4.98e-10 s                  ; No                         ; Yes                        ; 2.28 V                      ; 3.96e-08 V                  ; 2.31 V             ; -0.0217 V          ; 0.231 V                             ; 0.167 V                             ; 5.27e-10 s                 ; 4.98e-10 s                 ; No                        ; Yes                       ;
; product[4]    ; 2.5 V        ; 0 s                 ; 0 s                 ; 2.28 V                       ; 3.96e-08 V                   ; 2.31 V              ; -0.0217 V           ; 0.231 V                              ; 0.167 V                              ; 5.27e-10 s                  ; 4.98e-10 s                  ; No                         ; Yes                        ; 2.28 V                      ; 3.96e-08 V                  ; 2.31 V             ; -0.0217 V          ; 0.231 V                             ; 0.167 V                             ; 5.27e-10 s                 ; 4.98e-10 s                 ; No                        ; Yes                       ;
; product[5]    ; 2.5 V        ; 0 s                 ; 0 s                 ; 2.28 V                       ; 3.96e-08 V                   ; 2.31 V              ; -0.0217 V           ; 0.231 V                              ; 0.167 V                              ; 5.27e-10 s                  ; 4.98e-10 s                  ; No                         ; Yes                        ; 2.28 V                      ; 3.96e-08 V                  ; 2.31 V             ; -0.0217 V          ; 0.231 V                             ; 0.167 V                             ; 5.27e-10 s                 ; 4.98e-10 s                 ; No                        ; Yes                       ;
; product[6]    ; 2.5 V        ; 0 s                 ; 0 s                 ; 2.28 V                       ; 3.96e-08 V                   ; 2.31 V              ; -0.0217 V           ; 0.231 V                              ; 0.167 V                              ; 5.27e-10 s                  ; 4.98e-10 s                  ; No                         ; Yes                        ; 2.28 V                      ; 3.96e-08 V                  ; 2.31 V             ; -0.0217 V          ; 0.231 V                             ; 0.167 V                             ; 5.27e-10 s                 ; 4.98e-10 s                 ; No                        ; Yes                       ;
; product[7]    ; 2.5 V        ; 0 s                 ; 0 s                 ; 2.28 V                       ; 3.94e-08 V                   ; 2.31 V              ; -0.0225 V           ; 0.246 V                              ; 0.189 V                              ; 5.43e-10 s                  ; 5.09e-10 s                  ; No                         ; Yes                        ; 2.28 V                      ; 3.94e-08 V                  ; 2.31 V             ; -0.0225 V          ; 0.246 V                             ; 0.189 V                             ; 5.43e-10 s                 ; 5.09e-10 s                 ; No                        ; Yes                       ;
; product[8]    ; 2.5 V        ; 0 s                 ; 0 s                 ; 2.28 V                       ; 3.96e-08 V                   ; 2.31 V              ; -0.0236 V           ; 0.15 V                               ; 0.206 V                              ; 4.89e-10 s                  ; 3.96e-10 s                  ; No                         ; Yes                        ; 2.28 V                      ; 3.96e-08 V                  ; 2.31 V             ; -0.0236 V          ; 0.15 V                              ; 0.206 V                             ; 4.89e-10 s                 ; 3.96e-10 s                 ; No                        ; Yes                       ;
; product[9]    ; 2.5 V        ; 0 s                 ; 0 s                 ; 2.28 V                       ; 3.96e-08 V                   ; 2.31 V              ; -0.0217 V           ; 0.231 V                              ; 0.167 V                              ; 5.27e-10 s                  ; 4.98e-10 s                  ; No                         ; Yes                        ; 2.28 V                      ; 3.96e-08 V                  ; 2.31 V             ; -0.0217 V          ; 0.231 V                             ; 0.167 V                             ; 5.27e-10 s                 ; 4.98e-10 s                 ; No                        ; Yes                       ;
; product[10]   ; 2.5 V        ; 0 s                 ; 0 s                 ; 2.28 V                       ; 3.96e-08 V                   ; 2.31 V              ; -0.0217 V           ; 0.231 V                              ; 0.167 V                              ; 5.27e-10 s                  ; 4.98e-10 s                  ; No                         ; Yes                        ; 2.28 V                      ; 3.96e-08 V                  ; 2.31 V             ; -0.0217 V          ; 0.231 V                             ; 0.167 V                             ; 5.27e-10 s                 ; 4.98e-10 s                 ; No                        ; Yes                       ;
; product[11]   ; 2.5 V        ; 0 s                 ; 0 s                 ; 2.28 V                       ; 3.96e-08 V                   ; 2.31 V              ; -0.0217 V           ; 0.231 V                              ; 0.167 V                              ; 5.27e-10 s                  ; 4.98e-10 s                  ; No                         ; Yes                        ; 2.28 V                      ; 3.96e-08 V                  ; 2.31 V             ; -0.0217 V          ; 0.231 V                             ; 0.167 V                             ; 5.27e-10 s                 ; 4.98e-10 s                 ; No                        ; Yes                       ;
; product[12]   ; 2.5 V        ; 0 s                 ; 0 s                 ; 2.28 V                       ; 3.94e-08 V                   ; 2.31 V              ; -0.0225 V           ; 0.246 V                              ; 0.189 V                              ; 5.43e-10 s                  ; 5.09e-10 s                  ; No                         ; Yes                        ; 2.28 V                      ; 3.94e-08 V                  ; 2.31 V             ; -0.0225 V          ; 0.246 V                             ; 0.189 V                             ; 5.43e-10 s                 ; 5.09e-10 s                 ; No                        ; Yes                       ;
; product[13]   ; 2.5 V        ; 0 s                 ; 0 s                 ; 2.28 V                       ; 3.94e-08 V                   ; 2.31 V              ; -0.0225 V           ; 0.246 V                              ; 0.189 V                              ; 5.43e-10 s                  ; 5.09e-10 s                  ; No                         ; Yes                        ; 2.28 V                      ; 3.94e-08 V                  ; 2.31 V             ; -0.0225 V          ; 0.246 V                             ; 0.189 V                             ; 5.43e-10 s                 ; 5.09e-10 s                 ; No                        ; Yes                       ;
; product[14]   ; 2.5 V        ; 0 s                 ; 0 s                 ; 2.28 V                       ; 3.94e-08 V                   ; 2.31 V              ; -0.0225 V           ; 0.246 V                              ; 0.189 V                              ; 5.43e-10 s                  ; 5.09e-10 s                  ; No                         ; Yes                        ; 2.28 V                      ; 3.94e-08 V                  ; 2.31 V             ; -0.0225 V          ; 0.246 V                             ; 0.189 V                             ; 5.43e-10 s                 ; 5.09e-10 s                 ; No                        ; Yes                       ;
; product[15]   ; 2.5 V        ; 0 s                 ; 0 s                 ; 2.28 V                       ; 3.94e-08 V                   ; 2.31 V              ; -0.0225 V           ; 0.246 V                              ; 0.189 V                              ; 5.43e-10 s                  ; 5.09e-10 s                  ; No                         ; Yes                        ; 2.28 V                      ; 3.94e-08 V                  ; 2.31 V             ; -0.0225 V          ; 0.246 V                             ; 0.189 V                             ; 5.43e-10 s                 ; 5.09e-10 s                 ; No                        ; Yes                       ;
; done          ; 2.5 V        ; 0 s                 ; 0 s                 ; 2.28 V                       ; 3.96e-08 V                   ; 2.31 V              ; -0.0217 V           ; 0.231 V                              ; 0.167 V                              ; 5.27e-10 s                  ; 4.98e-10 s                  ; No                         ; Yes                        ; 2.28 V                      ; 3.96e-08 V                  ; 2.31 V             ; -0.0217 V          ; 0.231 V                             ; 0.167 V                             ; 5.27e-10 s                 ; 4.98e-10 s                 ; No                        ; Yes                       ;
; ~ALTERA_nCEO~ ; 2.5 V        ; 0 s                 ; 0 s                 ; 2.28 V                       ; 4.66e-08 V                   ; 2.31 V              ; -0.0175 V           ; 0.195 V                              ; 0.162 V                              ; 5.16e-10 s                  ; 6.14e-10 s                  ; No                         ; Yes                        ; 2.28 V                      ; 4.66e-08 V                  ; 2.31 V             ; -0.0175 V          ; 0.195 V                             ; 0.162 V                             ; 5.16e-10 s                 ; 6.14e-10 s                 ; No                        ; Yes                       ;
+---------------+--------------+---------------------+---------------------+------------------------------+------------------------------+---------------------+---------------------+--------------------------------------+--------------------------------------+-----------------------------+-----------------------------+----------------------------+----------------------------+-----------------------------+-----------------------------+--------------------+--------------------+-------------------------------------+-------------------------------------+----------------------------+----------------------------+---------------------------+---------------------------+


+--------------------------------------------------------------------------------------------------------------------------------------------------------------------------------------------------------------------------------------------------------------------------------------------------------------------------------------------------------------------------------------------------------------------------------------------------------------------------------------------------------------------------------------------------------------------------------------------------------------------------------------------------------------------------------------------+
; Signal Integrity Metrics (Slow 900mv 100c Model)                                                                                                                                                                                                                                                                                                                                                                                                                                                                                                                                                                                                                                           ;
+---------------+--------------+---------------------+---------------------+------------------------------+------------------------------+---------------------+---------------------+--------------------------------------+--------------------------------------+-----------------------------+-----------------------------+----------------------------+----------------------------+-----------------------------+-----------------------------+--------------------+--------------------+-------------------------------------+-------------------------------------+----------------------------+----------------------------+---------------------------+---------------------------+
; Pin           ; I/O Standard ; Board Delay on Rise ; Board Delay on Fall ; Steady State Voh at FPGA Pin ; Steady State Vol at FPGA Pin ; Voh Max at FPGA Pin ; Vol Min at FPGA Pin ; Ringback Voltage on Rise at FPGA Pin ; Ringback Voltage on Fall at FPGA Pin ; 10-90 Rise Time at FPGA Pin ; 90-10 Fall Time at FPGA Pin ; Monotonic Rise at FPGA Pin ; Monotonic Fall at FPGA Pin ; Steady State Voh at Far-end ; Steady State Vol at Far-end ; Voh Max at Far-end ; Vol Min at Far-end ; Ringback Voltage on Rise at Far-end ; Ringback Voltage on Fall at Far-end ; 10-90 Rise Time at Far-end ; 90-10 Fall Time at Far-end ; Monotonic Rise at Far-end ; Monotonic Fall at Far-end ;
+---------------+--------------+---------------------+---------------------+------------------------------+------------------------------+---------------------+---------------------+--------------------------------------+--------------------------------------+-----------------------------+-----------------------------+----------------------------+----------------------------+-----------------------------+-----------------------------+--------------------+--------------------+-------------------------------------+-------------------------------------+----------------------------+----------------------------+---------------------------+---------------------------+
; product[0]    ; 2.5 V        ; 0 s                 ; 0 s                 ; 2.28 V                       ; 3.39e-05 V                   ; 2.29 V              ; -0.00908 V          ; 0.154 V                              ; 0.085 V                              ; 7.35e-10 s                  ; 7.15e-10 s                  ; Yes                        ; Yes                        ; 2.28 V                      ; 3.39e-05 V                  ; 2.29 V             ; -0.00908 V         ; 0.154 V                             ; 0.085 V                             ; 7.35e-10 s                 ; 7.15e-10 s                 ; Yes                       ; Yes                       ;
; product[1]    ; 2.5 V        ; 0 s                 ; 0 s                 ; 2.28 V                       ; 3.39e-05 V                   ; 2.29 V              ; -0.00905 V          ; 0.105 V                              ; 0.096 V                              ; 7.51e-10 s                  ; 7.28e-10 s                  ; Yes                        ; Yes                        ; 2.28 V                      ; 3.39e-05 V                  ; 2.29 V             ; -0.00905 V         ; 0.105 V                             ; 0.096 V                             ; 7.51e-10 s                 ; 7.28e-10 s                 ; Yes                       ; Yes                       ;
; product[2]    ; 2.5 V        ; 0 s                 ; 0 s                 ; 2.28 V                       ; 3.39e-05 V                   ; 2.29 V              ; -0.00905 V          ; 0.105 V                              ; 0.096 V                              ; 7.51e-10 s                  ; 7.28e-10 s                  ; Yes                        ; Yes                        ; 2.28 V                      ; 3.39e-05 V                  ; 2.29 V             ; -0.00905 V         ; 0.105 V                             ; 0.096 V                             ; 7.51e-10 s                 ; 7.28e-10 s                 ; Yes                       ; Yes                       ;
; product[3]    ; 2.5 V        ; 0 s                 ; 0 s                 ; 2.28 V                       ; 3.39e-05 V                   ; 2.29 V              ; -0.00908 V          ; 0.154 V                              ; 0.085 V                              ; 7.35e-10 s                  ; 7.15e-10 s                  ; Yes                        ; Yes                        ; 2.28 V                      ; 3.39e-05 V                  ; 2.29 V             ; -0.00908 V         ; 0.154 V                             ; 0.085 V                             ; 7.35e-10 s                 ; 7.15e-10 s                 ; Yes                       ; Yes                       ;
; product[4]    ; 2.5 V        ; 0 s                 ; 0 s                 ; 2.28 V                       ; 3.39e-05 V                   ; 2.29 V              ; -0.00908 V          ; 0.154 V                              ; 0.085 V                              ; 7.35e-10 s                  ; 7.15e-10 s                  ; Yes                        ; Yes                        ; 2.28 V                      ; 3.39e-05 V                  ; 2.29 V             ; -0.00908 V         ; 0.154 V                             ; 0.085 V                             ; 7.35e-10 s                 ; 7.15e-10 s                 ; Yes                       ; Yes                       ;
; product[5]    ; 2.5 V        ; 0 s                 ; 0 s                 ; 2.28 V                       ; 3.39e-05 V                   ; 2.29 V              ; -0.00908 V          ; 0.154 V                              ; 0.085 V                              ; 7.35e-10 s                  ; 7.15e-10 s                  ; Yes                        ; Yes                        ; 2.28 V                      ; 3.39e-05 V                  ; 2.29 V             ; -0.00908 V         ; 0.154 V                             ; 0.085 V                             ; 7.35e-10 s                 ; 7.15e-10 s                 ; Yes                       ; Yes                       ;
; product[6]    ; 2.5 V        ; 0 s                 ; 0 s                 ; 2.28 V                       ; 3.39e-05 V                   ; 2.29 V              ; -0.00908 V          ; 0.154 V                              ; 0.085 V                              ; 7.35e-10 s                  ; 7.15e-10 s                  ; Yes                        ; Yes                        ; 2.28 V                      ; 3.39e-05 V                  ; 2.29 V             ; -0.00908 V         ; 0.154 V                             ; 0.085 V                             ; 7.35e-10 s                 ; 7.15e-10 s                 ; Yes                       ; Yes                       ;
; product[7]    ; 2.5 V        ; 0 s                 ; 0 s                 ; 2.28 V                       ; 3.39e-05 V                   ; 2.29 V              ; -0.00905 V          ; 0.105 V                              ; 0.096 V                              ; 7.51e-10 s                  ; 7.28e-10 s                  ; Yes                        ; Yes                        ; 2.28 V                      ; 3.39e-05 V                  ; 2.29 V             ; -0.00905 V         ; 0.105 V                             ; 0.096 V                             ; 7.51e-10 s                 ; 7.28e-10 s                 ; Yes                       ; Yes                       ;
; product[8]    ; 2.5 V        ; 0 s                 ; 0 s                 ; 2.28 V                       ; 3.39e-05 V                   ; 2.29 V              ; -0.0095 V           ; 0.148 V                              ; 0.075 V                              ; 6.07e-10 s                  ; 5.93e-10 s                  ; Yes                        ; Yes                        ; 2.28 V                      ; 3.39e-05 V                  ; 2.29 V             ; -0.0095 V          ; 0.148 V                             ; 0.075 V                             ; 6.07e-10 s                 ; 5.93e-10 s                 ; Yes                       ; Yes                       ;
; product[9]    ; 2.5 V        ; 0 s                 ; 0 s                 ; 2.28 V                       ; 3.39e-05 V                   ; 2.29 V              ; -0.00908 V          ; 0.154 V                              ; 0.085 V                              ; 7.35e-10 s                  ; 7.15e-10 s                  ; Yes                        ; Yes                        ; 2.28 V                      ; 3.39e-05 V                  ; 2.29 V             ; -0.00908 V         ; 0.154 V                             ; 0.085 V                             ; 7.35e-10 s                 ; 7.15e-10 s                 ; Yes                       ; Yes                       ;
; product[10]   ; 2.5 V        ; 0 s                 ; 0 s                 ; 2.28 V                       ; 3.39e-05 V                   ; 2.29 V              ; -0.00908 V          ; 0.154 V                              ; 0.085 V                              ; 7.35e-10 s                  ; 7.15e-10 s                  ; Yes                        ; Yes                        ; 2.28 V                      ; 3.39e-05 V                  ; 2.29 V             ; -0.00908 V         ; 0.154 V                             ; 0.085 V                             ; 7.35e-10 s                 ; 7.15e-10 s                 ; Yes                       ; Yes                       ;
; product[11]   ; 2.5 V        ; 0 s                 ; 0 s                 ; 2.28 V                       ; 3.39e-05 V                   ; 2.29 V              ; -0.00908 V          ; 0.154 V                              ; 0.085 V                              ; 7.35e-10 s                  ; 7.15e-10 s                  ; Yes                        ; Yes                        ; 2.28 V                      ; 3.39e-05 V                  ; 2.29 V             ; -0.00908 V         ; 0.154 V                             ; 0.085 V                             ; 7.35e-10 s                 ; 7.15e-10 s                 ; Yes                       ; Yes                       ;
; product[12]   ; 2.5 V        ; 0 s                 ; 0 s                 ; 2.28 V                       ; 3.39e-05 V                   ; 2.29 V              ; -0.00905 V          ; 0.105 V                              ; 0.096 V                              ; 7.51e-10 s                  ; 7.28e-10 s                  ; Yes                        ; Yes                        ; 2.28 V                      ; 3.39e-05 V                  ; 2.29 V             ; -0.00905 V         ; 0.105 V                             ; 0.096 V                             ; 7.51e-10 s                 ; 7.28e-10 s                 ; Yes                       ; Yes                       ;
; product[13]   ; 2.5 V        ; 0 s                 ; 0 s                 ; 2.28 V                       ; 3.39e-05 V                   ; 2.29 V              ; -0.00905 V          ; 0.105 V                              ; 0.096 V                              ; 7.51e-10 s                  ; 7.28e-10 s                  ; Yes                        ; Yes                        ; 2.28 V                      ; 3.39e-05 V                  ; 2.29 V             ; -0.00905 V         ; 0.105 V                             ; 0.096 V                             ; 7.51e-10 s                 ; 7.28e-10 s                 ; Yes                       ; Yes                       ;
; product[14]   ; 2.5 V        ; 0 s                 ; 0 s                 ; 2.28 V                       ; 3.39e-05 V                   ; 2.29 V              ; -0.00905 V          ; 0.105 V                              ; 0.096 V                              ; 7.51e-10 s                  ; 7.28e-10 s                  ; Yes                        ; Yes                        ; 2.28 V                      ; 3.39e-05 V                  ; 2.29 V             ; -0.00905 V         ; 0.105 V                             ; 0.096 V                             ; 7.51e-10 s                 ; 7.28e-10 s                 ; Yes                       ; Yes                       ;
; product[15]   ; 2.5 V        ; 0 s                 ; 0 s                 ; 2.28 V                       ; 3.39e-05 V                   ; 2.29 V              ; -0.00905 V          ; 0.105 V                              ; 0.096 V                              ; 7.51e-10 s                  ; 7.28e-10 s                  ; Yes                        ; Yes                        ; 2.28 V                      ; 3.39e-05 V                  ; 2.29 V             ; -0.00905 V         ; 0.105 V                             ; 0.096 V                             ; 7.51e-10 s                 ; 7.28e-10 s                 ; Yes                       ; Yes                       ;
; done          ; 2.5 V        ; 0 s                 ; 0 s                 ; 2.28 V                       ; 3.39e-05 V                   ; 2.29 V              ; -0.00908 V          ; 0.154 V                              ; 0.085 V                              ; 7.35e-10 s                  ; 7.15e-10 s                  ; Yes                        ; Yes                        ; 2.28 V                      ; 3.39e-05 V                  ; 2.29 V             ; -0.00908 V         ; 0.154 V                             ; 0.085 V                             ; 7.35e-10 s                 ; 7.15e-10 s                 ; Yes                       ; Yes                       ;
; ~ALTERA_nCEO~ ; 2.5 V        ; 0 s                 ; 0 s                 ; 2.28 V                       ; 3.99e-05 V                   ; 2.29 V              ; -0.0073 V           ; 0.123 V                              ; 0.105 V                              ; 6.6e-10 s                   ; 8.47e-10 s                  ; Yes                        ; Yes                        ; 2.28 V                      ; 3.99e-05 V                  ; 2.29 V             ; -0.0073 V          ; 0.123 V                             ; 0.105 V                             ; 6.6e-10 s                  ; 8.47e-10 s                 ; Yes                       ; Yes                       ;
+---------------+--------------+---------------------+---------------------+------------------------------+------------------------------+---------------------+---------------------+--------------------------------------+--------------------------------------+-----------------------------+-----------------------------+----------------------------+----------------------------+-----------------------------+-----------------------------+--------------------+--------------------+-------------------------------------+-------------------------------------+----------------------------+----------------------------+---------------------------+---------------------------+


+--------------------------------------------------------------------------------------------------------------------------------------------------------------------------------------------------------------------------------------------------------------------------------------------------------------------------------------------------------------------------------------------------------------------------------------------------------------------------------------------------------------------------------------------------------------------------------------------------------------------------------------------------------------------------------------------+
; Signal Integrity Metrics (Fast 900mv n40c Model)                                                                                                                                                                                                                                                                                                                                                                                                                                                                                                                                                                                                                                           ;
+---------------+--------------+---------------------+---------------------+------------------------------+------------------------------+---------------------+---------------------+--------------------------------------+--------------------------------------+-----------------------------+-----------------------------+----------------------------+----------------------------+-----------------------------+-----------------------------+--------------------+--------------------+-------------------------------------+-------------------------------------+----------------------------+----------------------------+---------------------------+---------------------------+
; Pin           ; I/O Standard ; Board Delay on Rise ; Board Delay on Fall ; Steady State Voh at FPGA Pin ; Steady State Vol at FPGA Pin ; Voh Max at FPGA Pin ; Vol Min at FPGA Pin ; Ringback Voltage on Rise at FPGA Pin ; Ringback Voltage on Fall at FPGA Pin ; 10-90 Rise Time at FPGA Pin ; 90-10 Fall Time at FPGA Pin ; Monotonic Rise at FPGA Pin ; Monotonic Fall at FPGA Pin ; Steady State Voh at Far-end ; Steady State Vol at Far-end ; Voh Max at Far-end ; Vol Min at Far-end ; Ringback Voltage on Rise at Far-end ; Ringback Voltage on Fall at Far-end ; 10-90 Rise Time at Far-end ; 90-10 Fall Time at Far-end ; Monotonic Rise at Far-end ; Monotonic Fall at Far-end ;
+---------------+--------------+---------------------+---------------------+------------------------------+------------------------------+---------------------+---------------------+--------------------------------------+--------------------------------------+-----------------------------+-----------------------------+----------------------------+----------------------------+-----------------------------+-----------------------------+--------------------+--------------------+-------------------------------------+-------------------------------------+----------------------------+----------------------------+---------------------------+---------------------------+
; product[0]    ; 2.5 V        ; 0 s                 ; 0 s                 ; 2.62 V                       ; 7.68e-08 V                   ; 2.68 V              ; -0.0394 V           ; 0.316 V                              ; 0.256 V                              ; 4.09e-10 s                  ; 3.98e-10 s                  ; No                         ; Yes                        ; 2.62 V                      ; 7.68e-08 V                  ; 2.68 V             ; -0.0394 V          ; 0.316 V                             ; 0.256 V                             ; 4.09e-10 s                 ; 3.98e-10 s                 ; No                        ; Yes                       ;
; product[1]    ; 2.5 V        ; 0 s                 ; 0 s                 ; 2.62 V                       ; 7.69e-08 V                   ; 2.68 V              ; -0.0427 V           ; 0.198 V                              ; 0.138 V                              ; 5.01e-10 s                  ; 4.77e-10 s                  ; No                         ; No                         ; 2.62 V                      ; 7.69e-08 V                  ; 2.68 V             ; -0.0427 V          ; 0.198 V                             ; 0.138 V                             ; 5.01e-10 s                 ; 4.77e-10 s                 ; No                        ; No                        ;
; product[2]    ; 2.5 V        ; 0 s                 ; 0 s                 ; 2.62 V                       ; 7.69e-08 V                   ; 2.68 V              ; -0.0427 V           ; 0.198 V                              ; 0.138 V                              ; 5.01e-10 s                  ; 4.77e-10 s                  ; No                         ; No                         ; 2.62 V                      ; 7.69e-08 V                  ; 2.68 V             ; -0.0427 V          ; 0.198 V                             ; 0.138 V                             ; 5.01e-10 s                 ; 4.77e-10 s                 ; No                        ; No                        ;
; product[3]    ; 2.5 V        ; 0 s                 ; 0 s                 ; 2.62 V                       ; 7.68e-08 V                   ; 2.68 V              ; -0.0394 V           ; 0.316 V                              ; 0.256 V                              ; 4.09e-10 s                  ; 3.98e-10 s                  ; No                         ; Yes                        ; 2.62 V                      ; 7.68e-08 V                  ; 2.68 V             ; -0.0394 V          ; 0.316 V                             ; 0.256 V                             ; 4.09e-10 s                 ; 3.98e-10 s                 ; No                        ; Yes                       ;
; product[4]    ; 2.5 V        ; 0 s                 ; 0 s                 ; 2.62 V                       ; 7.68e-08 V                   ; 2.68 V              ; -0.0394 V           ; 0.316 V                              ; 0.256 V                              ; 4.09e-10 s                  ; 3.98e-10 s                  ; No                         ; Yes                        ; 2.62 V                      ; 7.68e-08 V                  ; 2.68 V             ; -0.0394 V          ; 0.316 V                             ; 0.256 V                             ; 4.09e-10 s                 ; 3.98e-10 s                 ; No                        ; Yes                       ;
; product[5]    ; 2.5 V        ; 0 s                 ; 0 s                 ; 2.62 V                       ; 7.68e-08 V                   ; 2.68 V              ; -0.0394 V           ; 0.316 V                              ; 0.256 V                              ; 4.09e-10 s                  ; 3.98e-10 s                  ; No                         ; Yes                        ; 2.62 V                      ; 7.68e-08 V                  ; 2.68 V             ; -0.0394 V          ; 0.316 V                             ; 0.256 V                             ; 4.09e-10 s                 ; 3.98e-10 s                 ; No                        ; Yes                       ;
; product[6]    ; 2.5 V        ; 0 s                 ; 0 s                 ; 2.62 V                       ; 7.68e-08 V                   ; 2.68 V              ; -0.0394 V           ; 0.316 V                              ; 0.256 V                              ; 4.09e-10 s                  ; 3.98e-10 s                  ; No                         ; Yes                        ; 2.62 V                      ; 7.68e-08 V                  ; 2.68 V             ; -0.0394 V          ; 0.316 V                             ; 0.256 V                             ; 4.09e-10 s                 ; 3.98e-10 s                 ; No                        ; Yes                       ;
; product[7]    ; 2.5 V        ; 0 s                 ; 0 s                 ; 2.62 V                       ; 7.69e-08 V                   ; 2.68 V              ; -0.0427 V           ; 0.198 V                              ; 0.138 V                              ; 5.01e-10 s                  ; 4.77e-10 s                  ; No                         ; No                         ; 2.62 V                      ; 7.69e-08 V                  ; 2.68 V             ; -0.0427 V          ; 0.198 V                             ; 0.138 V                             ; 5.01e-10 s                 ; 4.77e-10 s                 ; No                        ; No                        ;
; product[8]    ; 2.5 V        ; 0 s                 ; 0 s                 ; 2.62 V                       ; 7.73e-08 V                   ; 2.68 V              ; -0.0451 V           ; 0.219 V                              ; 0.156 V                              ; 3.82e-10 s                  ; 3.64e-10 s                  ; No                         ; No                         ; 2.62 V                      ; 7.73e-08 V                  ; 2.68 V             ; -0.0451 V          ; 0.219 V                             ; 0.156 V                             ; 3.82e-10 s                 ; 3.64e-10 s                 ; No                        ; No                        ;
; product[9]    ; 2.5 V        ; 0 s                 ; 0 s                 ; 2.62 V                       ; 7.68e-08 V                   ; 2.68 V              ; -0.0394 V           ; 0.316 V                              ; 0.256 V                              ; 4.09e-10 s                  ; 3.98e-10 s                  ; No                         ; Yes                        ; 2.62 V                      ; 7.68e-08 V                  ; 2.68 V             ; -0.0394 V          ; 0.316 V                             ; 0.256 V                             ; 4.09e-10 s                 ; 3.98e-10 s                 ; No                        ; Yes                       ;
; product[10]   ; 2.5 V        ; 0 s                 ; 0 s                 ; 2.62 V                       ; 7.68e-08 V                   ; 2.68 V              ; -0.0394 V           ; 0.316 V                              ; 0.256 V                              ; 4.09e-10 s                  ; 3.98e-10 s                  ; No                         ; Yes                        ; 2.62 V                      ; 7.68e-08 V                  ; 2.68 V             ; -0.0394 V          ; 0.316 V                             ; 0.256 V                             ; 4.09e-10 s                 ; 3.98e-10 s                 ; No                        ; Yes                       ;
; product[11]   ; 2.5 V        ; 0 s                 ; 0 s                 ; 2.62 V                       ; 7.68e-08 V                   ; 2.68 V              ; -0.0394 V           ; 0.316 V                              ; 0.256 V                              ; 4.09e-10 s                  ; 3.98e-10 s                  ; No                         ; Yes                        ; 2.62 V                      ; 7.68e-08 V                  ; 2.68 V             ; -0.0394 V          ; 0.316 V                             ; 0.256 V                             ; 4.09e-10 s                 ; 3.98e-10 s                 ; No                        ; Yes                       ;
; product[12]   ; 2.5 V        ; 0 s                 ; 0 s                 ; 2.62 V                       ; 7.69e-08 V                   ; 2.68 V              ; -0.0427 V           ; 0.198 V                              ; 0.138 V                              ; 5.01e-10 s                  ; 4.77e-10 s                  ; No                         ; No                         ; 2.62 V                      ; 7.69e-08 V                  ; 2.68 V             ; -0.0427 V          ; 0.198 V                             ; 0.138 V                             ; 5.01e-10 s                 ; 4.77e-10 s                 ; No                        ; No                        ;
; product[13]   ; 2.5 V        ; 0 s                 ; 0 s                 ; 2.62 V                       ; 7.69e-08 V                   ; 2.68 V              ; -0.0427 V           ; 0.198 V                              ; 0.138 V                              ; 5.01e-10 s                  ; 4.77e-10 s                  ; No                         ; No                         ; 2.62 V                      ; 7.69e-08 V                  ; 2.68 V             ; -0.0427 V          ; 0.198 V                             ; 0.138 V                             ; 5.01e-10 s                 ; 4.77e-10 s                 ; No                        ; No                        ;
; product[14]   ; 2.5 V        ; 0 s                 ; 0 s                 ; 2.62 V                       ; 7.69e-08 V                   ; 2.68 V              ; -0.0427 V           ; 0.198 V                              ; 0.138 V                              ; 5.01e-10 s                  ; 4.77e-10 s                  ; No                         ; No                         ; 2.62 V                      ; 7.69e-08 V                  ; 2.68 V             ; -0.0427 V          ; 0.198 V                             ; 0.138 V                             ; 5.01e-10 s                 ; 4.77e-10 s                 ; No                        ; No                        ;
; product[15]   ; 2.5 V        ; 0 s                 ; 0 s                 ; 2.62 V                       ; 7.69e-08 V                   ; 2.68 V              ; -0.0427 V           ; 0.198 V                              ; 0.138 V                              ; 5.01e-10 s                  ; 4.77e-10 s                  ; No                         ; No                         ; 2.62 V                      ; 7.69e-08 V                  ; 2.68 V             ; -0.0427 V          ; 0.198 V                             ; 0.138 V                             ; 5.01e-10 s                 ; 4.77e-10 s                 ; No                        ; No                        ;
; done          ; 2.5 V        ; 0 s                 ; 0 s                 ; 2.62 V                       ; 7.68e-08 V                   ; 2.68 V              ; -0.0394 V           ; 0.316 V                              ; 0.256 V                              ; 4.09e-10 s                  ; 3.98e-10 s                  ; No                         ; Yes                        ; 2.62 V                      ; 7.68e-08 V                  ; 2.68 V             ; -0.0394 V          ; 0.316 V                             ; 0.256 V                             ; 4.09e-10 s                 ; 3.98e-10 s                 ; No                        ; Yes                       ;
; ~ALTERA_nCEO~ ; 2.5 V        ; 0 s                 ; 0 s                 ; 2.62 V                       ; 9.03e-08 V                   ; 2.68 V              ; -0.0326 V           ; 0.275 V                              ; 0.222 V                              ; 4e-10 s                     ; 5.06e-10 s                  ; No                         ; Yes                        ; 2.62 V                      ; 9.03e-08 V                  ; 2.68 V             ; -0.0326 V          ; 0.275 V                             ; 0.222 V                             ; 4e-10 s                    ; 5.06e-10 s                 ; No                        ; Yes                       ;
+---------------+--------------+---------------------+---------------------+------------------------------+------------------------------+---------------------+---------------------+--------------------------------------+--------------------------------------+-----------------------------+-----------------------------+----------------------------+----------------------------+-----------------------------+-----------------------------+--------------------+--------------------+-------------------------------------+-------------------------------------+----------------------------+----------------------------+---------------------------+---------------------------+


+-------------------------------------------------------------------+
; Setup Transfers                                                   ;
+------------+----------+----------+----------+----------+----------+
; From Clock ; To Clock ; RR Paths ; FR Paths ; RF Paths ; FF Paths ;
+------------+----------+----------+----------+----------+----------+
; clk        ; clk      ; 913      ; 0        ; 0        ; 0        ;
+------------+----------+----------+----------+----------+----------+
Entries labeled "false path" only account for clock-to-clock false paths and not path-based false paths. As a result, actual path counts may be lower than reported.


+-------------------------------------------------------------------+
; Hold Transfers                                                    ;
+------------+----------+----------+----------+----------+----------+
; From Clock ; To Clock ; RR Paths ; FR Paths ; RF Paths ; FF Paths ;
+------------+----------+----------+----------+----------+----------+
; clk        ; clk      ; 913      ; 0        ; 0        ; 0        ;
+------------+----------+----------+----------+----------+----------+
Entries labeled "false path" only account for clock-to-clock false paths and not path-based false paths. As a result, actual path counts may be lower than reported.


+-------------------------------------------------------------------+
; Recovery Transfers                                                ;
+------------+----------+----------+----------+----------+----------+
; From Clock ; To Clock ; RR Paths ; FR Paths ; RF Paths ; FF Paths ;
+------------+----------+----------+----------+----------+----------+
; clk        ; clk      ; 40       ; 0        ; 0        ; 0        ;
+------------+----------+----------+----------+----------+----------+
Entries labeled "false path" only account for clock-to-clock false paths and not path-based false paths. As a result, actual path counts may be lower than reported.


+-------------------------------------------------------------------+
; Removal Transfers                                                 ;
+------------+----------+----------+----------+----------+----------+
; From Clock ; To Clock ; RR Paths ; FR Paths ; RF Paths ; FF Paths ;
+------------+----------+----------+----------+----------+----------+
; clk        ; clk      ; 40       ; 0        ; 0        ; 0        ;
+------------+----------+----------+----------+----------+----------+
Entries labeled "false path" only account for clock-to-clock false paths and not path-based false paths. As a result, actual path counts may be lower than reported.


---------------
; Report TCCS ;
---------------
No dedicated SERDES Transmitter circuitry present in device or used in design


---------------
; Report RSKM ;
---------------
No non-DPA dedicated SERDES Receiver circuitry present in device or used in design


+------------------------------------------------+
; Unconstrained Paths Summary                    ;
+---------------------------------+-------+------+
; Property                        ; Setup ; Hold ;
+---------------------------------+-------+------+
; Illegal Clocks                  ; 0     ; 0    ;
; Unconstrained Clocks            ; 0     ; 0    ;
; Unconstrained Input Ports       ; 17    ; 17   ;
; Unconstrained Input Port Paths  ; 26    ; 26   ;
; Unconstrained Output Ports      ; 17    ; 17   ;
; Unconstrained Output Port Paths ; 17    ; 17   ;
+---------------------------------+-------+------+


+-------------------------------------+
; Clock Status Summary                ;
+--------+-------+------+-------------+
; Target ; Clock ; Type ; Status      ;
+--------+-------+------+-------------+
; clk    ; clk   ; Base ; Constrained ;
+--------+-------+------+-------------+


+--------------------------------------------------------------------------------------------------------+
; Unconstrained Input Ports                                                                              ;
+-----------------+--------------------------------------------------------------------------------------+
; Input Port      ; Comment                                                                              ;
+-----------------+--------------------------------------------------------------------------------------+
; multiplicand[0] ; No input delay, min/max delays, false-path exceptions, or max skew assignments found ;
; multiplicand[1] ; No input delay, min/max delays, false-path exceptions, or max skew assignments found ;
; multiplicand[2] ; No input delay, min/max delays, false-path exceptions, or max skew assignments found ;
; multiplicand[3] ; No input delay, min/max delays, false-path exceptions, or max skew assignments found ;
; multiplicand[4] ; No input delay, min/max delays, false-path exceptions, or max skew assignments found ;
; multiplicand[5] ; No input delay, min/max delays, false-path exceptions, or max skew assignments found ;
; multiplicand[6] ; No input delay, min/max delays, false-path exceptions, or max skew assignments found ;
; multiplicand[7] ; No input delay, min/max delays, false-path exceptions, or max skew assignments found ;
; multiplier[0]   ; No input delay, min/max delays, false-path exceptions, or max skew assignments found ;
; multiplier[1]   ; No input delay, min/max delays, false-path exceptions, or max skew assignments found ;
; multiplier[2]   ; No input delay, min/max delays, false-path exceptions, or max skew assignments found ;
; multiplier[3]   ; No input delay, min/max delays, false-path exceptions, or max skew assignments found ;
; multiplier[4]   ; No input delay, min/max delays, false-path exceptions, or max skew assignments found ;
; multiplier[5]   ; No input delay, min/max delays, false-path exceptions, or max skew assignments found ;
; multiplier[6]   ; No input delay, min/max delays, false-path exceptions, or max skew assignments found ;
; multiplier[7]   ; No input delay, min/max delays, false-path exceptions, or max skew assignments found ;
; reset           ; No input delay, min/max delays, false-path exceptions, or max skew assignments found ;
+-----------------+--------------------------------------------------------------------------------------+


+-----------------------------------------------------------------------------------------------------+
; Unconstrained Output Ports                                                                          ;
+-------------+---------------------------------------------------------------------------------------+
; Output Port ; Comment                                                                               ;
+-------------+---------------------------------------------------------------------------------------+
; done        ; No output delay, min/max delays, false-path exceptions, or max skew assignments found ;
; product[0]  ; No output delay, min/max delays, false-path exceptions, or max skew assignments found ;
; product[1]  ; No output delay, min/max delays, false-path exceptions, or max skew assignments found ;
; product[2]  ; No output delay, min/max delays, false-path exceptions, or max skew assignments found ;
; product[3]  ; No output delay, min/max delays, false-path exceptions, or max skew assignments found ;
; product[4]  ; No output delay, min/max delays, false-path exceptions, or max skew assignments found ;
; product[5]  ; No output delay, min/max delays, false-path exceptions, or max skew assignments found ;
; product[6]  ; No output delay, min/max delays, false-path exceptions, or max skew assignments found ;
; product[7]  ; No output delay, min/max delays, false-path exceptions, or max skew assignments found ;
; product[8]  ; No output delay, min/max delays, false-path exceptions, or max skew assignments found ;
; product[9]  ; No output delay, min/max delays, false-path exceptions, or max skew assignments found ;
; product[10] ; No output delay, min/max delays, false-path exceptions, or max skew assignments found ;
; product[11] ; No output delay, min/max delays, false-path exceptions, or max skew assignments found ;
; product[12] ; No output delay, min/max delays, false-path exceptions, or max skew assignments found ;
; product[13] ; No output delay, min/max delays, false-path exceptions, or max skew assignments found ;
; product[14] ; No output delay, min/max delays, false-path exceptions, or max skew assignments found ;
; product[15] ; No output delay, min/max delays, false-path exceptions, or max skew assignments found ;
+-------------+---------------------------------------------------------------------------------------+


+--------------------------------------------------------------------------------------------------------+
; Unconstrained Input Ports                                                                              ;
+-----------------+--------------------------------------------------------------------------------------+
; Input Port      ; Comment                                                                              ;
+-----------------+--------------------------------------------------------------------------------------+
; multiplicand[0] ; No input delay, min/max delays, false-path exceptions, or max skew assignments found ;
; multiplicand[1] ; No input delay, min/max delays, false-path exceptions, or max skew assignments found ;
; multiplicand[2] ; No input delay, min/max delays, false-path exceptions, or max skew assignments found ;
; multiplicand[3] ; No input delay, min/max delays, false-path exceptions, or max skew assignments found ;
; multiplicand[4] ; No input delay, min/max delays, false-path exceptions, or max skew assignments found ;
; multiplicand[5] ; No input delay, min/max delays, false-path exceptions, or max skew assignments found ;
; multiplicand[6] ; No input delay, min/max delays, false-path exceptions, or max skew assignments found ;
; multiplicand[7] ; No input delay, min/max delays, false-path exceptions, or max skew assignments found ;
; multiplier[0]   ; No input delay, min/max delays, false-path exceptions, or max skew assignments found ;
; multiplier[1]   ; No input delay, min/max delays, false-path exceptions, or max skew assignments found ;
; multiplier[2]   ; No input delay, min/max delays, false-path exceptions, or max skew assignments found ;
; multiplier[3]   ; No input delay, min/max delays, false-path exceptions, or max skew assignments found ;
; multiplier[4]   ; No input delay, min/max delays, false-path exceptions, or max skew assignments found ;
; multiplier[5]   ; No input delay, min/max delays, false-path exceptions, or max skew assignments found ;
; multiplier[6]   ; No input delay, min/max delays, false-path exceptions, or max skew assignments found ;
; multiplier[7]   ; No input delay, min/max delays, false-path exceptions, or max skew assignments found ;
; reset           ; No input delay, min/max delays, false-path exceptions, or max skew assignments found ;
+-----------------+--------------------------------------------------------------------------------------+


+-----------------------------------------------------------------------------------------------------+
; Unconstrained Output Ports                                                                          ;
+-------------+---------------------------------------------------------------------------------------+
; Output Port ; Comment                                                                               ;
+-------------+---------------------------------------------------------------------------------------+
; done        ; No output delay, min/max delays, false-path exceptions, or max skew assignments found ;
; product[0]  ; No output delay, min/max delays, false-path exceptions, or max skew assignments found ;
; product[1]  ; No output delay, min/max delays, false-path exceptions, or max skew assignments found ;
; product[2]  ; No output delay, min/max delays, false-path exceptions, or max skew assignments found ;
; product[3]  ; No output delay, min/max delays, false-path exceptions, or max skew assignments found ;
; product[4]  ; No output delay, min/max delays, false-path exceptions, or max skew assignments found ;
; product[5]  ; No output delay, min/max delays, false-path exceptions, or max skew assignments found ;
; product[6]  ; No output delay, min/max delays, false-path exceptions, or max skew assignments found ;
; product[7]  ; No output delay, min/max delays, false-path exceptions, or max skew assignments found ;
; product[8]  ; No output delay, min/max delays, false-path exceptions, or max skew assignments found ;
; product[9]  ; No output delay, min/max delays, false-path exceptions, or max skew assignments found ;
; product[10] ; No output delay, min/max delays, false-path exceptions, or max skew assignments found ;
; product[11] ; No output delay, min/max delays, false-path exceptions, or max skew assignments found ;
; product[12] ; No output delay, min/max delays, false-path exceptions, or max skew assignments found ;
; product[13] ; No output delay, min/max delays, false-path exceptions, or max skew assignments found ;
; product[14] ; No output delay, min/max delays, false-path exceptions, or max skew assignments found ;
; product[15] ; No output delay, min/max delays, false-path exceptions, or max skew assignments found ;
+-------------+---------------------------------------------------------------------------------------+


+--------------------------+
; Timing Analyzer Messages ;
+--------------------------+
Info: *******************************************************************
Info: Running Quartus Prime Timing Analyzer
    Info: Version 20.1.1 Build 720 11/11/2020 SJ Lite Edition
    Info: Processing started: Sun Apr 30 00:37:36 2023
Info: Command: quartus_sta robsmult -c robsmult
Info: qsta_default_script.tcl version: #1
Warning (18236): Number of processors has not been specified which may cause overloading on shared machines.  Set the global assignment NUM_PARALLEL_PROCESSORS in your QSF to an appropriate value for best performance.
Info (20030): Parallel compilation is enabled and will use 8 of the 8 processors detected
Info (21076): High junction temperature operating condition is not set. Assuming a default value of '100'.
Info (21076): Low junction temperature operating condition is not set. Assuming a default value of '-40'.
Warning (335093): The Timing Analyzer is analyzing 1 combinational loops as latches. For more details, run the Check Timing command in the Timing Analyzer or view the "User-Specified and Inferred Latches" table in the Analysis & Synthesis report.
Critical Warning (332012): Synopsys Design Constraints File file not found: 'robsmult.sdc'. A Synopsys Design Constraints File is required by the Timing Analyzer to get proper timing constraints. Without it, the Compiler will not properly optimize the design.
Info (332142): No user constrained base clocks found in the design. Calling "derive_clocks -period 1.0"
Info (332105): Deriving Clocks
    Info (332105): create_clock -period 1.000 -name clk clk
Info (332143): No user constrained clock uncertainty found in the design. Calling "derive_clock_uncertainty"
Info (332123): Deriving Clock Uncertainty. Please refer to report_sdc in the Timing Analyzer to see clock uncertainties.
Info: Found TIMING_ANALYZER_REPORT_SCRIPT_INCLUDE_DEFAULT_ANALYSIS = ON
Info: Analyzing Slow 900mV 100C Model
Critical Warning (332148): Timing requirements not met
    Info (11105): For recommendations on closing timing, run Report Timing Closure Recommendations in the Timing Analyzer.
Info (332146): Worst-case setup slack is -0.908
    Info (332119):     Slack       End Point TNS Clock 
    Info (332119): ========= =================== =====================
    Info (332119):    -0.908             -36.314 clk 
Info (332146): Worst-case hold slack is 0.297
    Info (332119):     Slack       End Point TNS Clock 
    Info (332119): ========= =================== =====================
    Info (332119):     0.297               0.000 clk 
Info (332146): Worst-case recovery slack is -0.472
    Info (332119):     Slack       End Point TNS Clock 
    Info (332119): ========= =================== =====================
    Info (332119):    -0.472              -3.776 clk 
Info (332146): Worst-case removal slack is 0.698
    Info (332119):     Slack       End Point TNS Clock 
    Info (332119): ========= =================== =====================
    Info (332119):     0.698               0.000 clk 
Info (332146): Worst-case minimum pulse width slack is -2.846
    Info (332119):     Slack       End Point TNS Clock 
    Info (332119): ========= =================== =====================
    Info (332119):    -2.846            -105.337 clk 
Info: Analyzing Slow 900mV -40C Model
Info (334003): Started post-fitting delay annotation
Info (334004): Delay annotation completed successfully
Info (332123): Deriving Clock Uncertainty. Please refer to report_sdc in the Timing Analyzer to see clock uncertainties.
Critical Warning (332148): Timing requirements not met
    Info (11105): For recommendations on closing timing, run Report Timing Closure Recommendations in the Timing Analyzer.
Info (332146): Worst-case setup slack is -0.838
    Info (332119):     Slack       End Point TNS Clock 
    Info (332119): ========= =================== =====================
    Info (332119):    -0.838             -31.274 clk 
Info (332146): Worst-case hold slack is 0.289
    Info (332119):     Slack       End Point TNS Clock 
    Info (332119): ========= =================== =====================
    Info (332119):     0.289               0.000 clk 
Info (332146): Worst-case recovery slack is -0.382
    Info (332119):     Slack       End Point TNS Clock 
    Info (332119): ========= =================== =====================
    Info (332119):    -0.382              -3.056 clk 
Info (332146): Worst-case removal slack is 0.656
    Info (332119):     Slack       End Point TNS Clock 
    Info (332119): ========= =================== =====================
    Info (332119):     0.656               0.000 clk 
Info (332146): Worst-case minimum pulse width slack is -2.846
    Info (332119):     Slack       End Point TNS Clock 
    Info (332119): ========= =================== =====================
    Info (332119):    -2.846            -105.335 clk 
Info: Analyzing Fast 900mV -40C Model
Info (332123): Deriving Clock Uncertainty. Please refer to report_sdc in the Timing Analyzer to see clock uncertainties.
Info (332146): Worst-case setup slack is 0.053
    Info (332119):     Slack       End Point TNS Clock 
    Info (332119): ========= =================== =====================
    Info (332119):     0.053               0.000 clk 
Info (332146): Worst-case hold slack is 0.138
    Info (332119):     Slack       End Point TNS Clock 
    Info (332119): ========= =================== =====================
    Info (332119):     0.138               0.000 clk 
Info (332146): Worst-case recovery slack is 0.257
    Info (332119):     Slack       End Point TNS Clock 
    Info (332119): ========= =================== =====================
    Info (332119):     0.257               0.000 clk 
Info (332146): Worst-case removal slack is 0.349
    Info (332119):     Slack       End Point TNS Clock 
    Info (332119): ========= =================== =====================
    Info (332119):     0.349               0.000 clk 
Critical Warning (332148): Timing requirements not met
    Info (11105): For recommendations on closing timing, run Report Timing Closure Recommendations in the Timing Analyzer.
Info (332146): Worst-case minimum pulse width slack is -2.846
    Info (332119):     Slack       End Point TNS Clock 
    Info (332119): ========= =================== =====================
    Info (332119):    -2.846             -45.191 clk 
Info (21076): High junction temperature operating condition is not set. Assuming a default value of '100'.
Info (21076): Low junction temperature operating condition is not set. Assuming a default value of '-40'.
Info (332123): Deriving Clock Uncertainty. Please refer to report_sdc in the Timing Analyzer to see clock uncertainties.
Info (332102): Design is not fully constrained for setup requirements
Info (332102): Design is not fully constrained for hold requirements
Info: Quartus Prime Timing Analyzer was successful. 0 errors, 6 warnings
    Info: Peak virtual memory: 4960 megabytes
    Info: Processing ended: Sun Apr 30 00:37:38 2023
    Info: Elapsed time: 00:00:02
    Info: Total CPU time (on all processors): 00:00:01


