# do {.\sim.do} 
# ** Warning: (vlib-34) Library already exists at "work".
# 
# Modifying C:\modeltech_10.1a\win32/../modelsim.ini
# Model Technology ModelSim SE vlog 10.1a Compiler 2012.02 Feb 22 2012
# -- Compiling module alarm
# -- Compiling module alarm_clock_controller
# -- Compiling module ct_mod_N
# -- Compiling module lcd_int
# -- Compiling module negedge_pulse
# -- Compiling module posedge_pulse
# -- Compiling module struct_diag
# 
# Top level modules:
# 	struct_diag
# Model Technology ModelSim SE vlog 10.1a Compiler 2012.02 Feb 22 2012
# -- Compiling package lab2_2_tb_sv_unit
# -- Compiling module lab2_tb
# 
# Top level modules:
# 	lab2_tb
# vsim -t 1ns work.lab2_tb 
# ** Note: (vsim-3813) Design is being optimized due to module recompilation...
# 
# ** Note: (vsim-3865) Due to PLI being present, full design access is being specified.
# 
# Loading C:\modeltech_10.1a\win32/novas.dll
# Loading C:\Novas\Debussy\share\PLI\modelsim_pli54\WINNT\novas.dll
# //  ModelSim SE 10.1a Feb 22 2012 
# //
# //  Copyright 1991-2012 Mentor Graphics Corporation
# //  All Rights Reserved.
# //
# //  THIS WORK CONTAINS TRADE SECRET AND PROPRIETARY INFORMATION
# //  WHICH IS THE PROPERTY OF MENTOR GRAPHICS CORPORATION OR ITS
# //  LICENSORS AND IS SUBJECT TO LICENSE TERMS.
# //
# Loading sv_std.std
# Loading work.lab2_2_tb_sv_unit(fast)
# Loading work.lab2_tb(fast)
# Loading work.struct_diag(fast)
# Loading work.ct_mod_N(fast)
# Loading work.posedge_pulse(fast)
# Loading work.negedge_pulse(fast)
# Loading work.alarm_clock_controller(fast)
# Loading work.ct_mod_N(fast__1)
# Loading work.ct_mod_N(fast__2)
# Loading work.lcd_int(fast)
# Loading work.alarm(fast)
# Novas FSDB Dumper for ModelSim54, Release 5.4v9 (Win95/NT) 05/04/2005
# Copyright (C) 1996 - 2004 by Novas Software, Inc.
# *Novas* Create FSDB file 'lab2_tb_top_level.fsdb'
# *Novas* Start dumping the scope(lab2_tb), layer(0).
# *Novas* End of dumping.
# buzz = 0  at time                    0
# buzz = 1  at time                    1
# 5':current time before setting:'00000', only 1 day digit, all initial values are 0
#  _    _   _    _   _  
# | |  | | | |  | | | | 
# |_|  |_| |_|  |_| |_| 
# buzz = 0  at time                    7
# 5':current time after setting,'40755', increment day successful
#       _   _    _   _  
# |_|  | |   |  |_  |_  
#   |  |_|   |   _|  _| 
# display alarm time before setting:'40000', alarm digits does not affect day digit
#       _   _    _   _  
# |_|  | | | |  | | | | 
#   |  |_| |_|  |_| |_| 
# display alarm time after setting:'40801',alarm buzz at 0801
#       _   _    _      
# |_|  | | |_|  | |   | 
#   |  |_| |_|  |_|   | 
# display current time after setting alarm
#       _   _    _   _  
# |_|  | |   |  |_  |_  
#   |  |_|   |   _|  _| 
#       _   _    _   _  
# |_|  | | |_|  | | | | 
#   |  |_| |_|  |_| |_| 
# buzz = 1  at time                  853
# Buzz on Friday.
#       _   _    _      
# |_|  | | |_|  | |   | 
#   |  |_| |_|  |_|   | 
# buzz = 0  at time                  973
#       _   _    _   _  
# |_|  | | |_|  | |  _| 
#   |  |_| |_|  |_| |_  
# 5': Day increase successfully by hours reaching 24
#  _    _   _    _   _  
# |_   | | |_|  | |  _| 
#  _|  |_| |_|  |_| |_  
#  _    _   _    _   _  
# |_   | | |_|  | |  _| 
# |_|  |_| |_|  |_| |_  
# buzz = 1  at time               519253
# buzz = 0  at time               519373
# 5':Buzz on Friday(4), but not on Sat and Sun (5,6), Buzz again on Mon 0.
#  _    _   _    _   _  
# | |  | | |_|  | |  _| 
# |_|  |_| |_|  |_| |_  
# ** Note: $finish    : ../testbench/lab2_2_tb.sv(212)
#    Time: 522418 ns  Iteration: 0  Instance: /lab2_tb
