# do {.\sim.do} 
# ** Warning: (vlib-34) Library already exists at "work".
# 
# Modifying C:\modeltech_10.1a\win32/../modelsim.ini
# Model Technology ModelSim SE vlog 10.1a Compiler 2012.02 Feb 22 2012
# -- Compiling module alarm
# -- Compiling module alarm_clock_controller
# -- Compiling module ct_mod_N
# -- Compiling module lcd_int
# -- Compiling module month_adv_logic
# -- Compiling module month_date_counter28
# -- Compiling module month_date_counter30
# -- Compiling module month_date_counter31
# -- Compiling module negedge_pulse
# -- Compiling module posedge_pulse
# -- Compiling module struct_diag
# 
# Top level modules:
# 	struct_diag
# Model Technology ModelSim SE vlog 10.1a Compiler 2012.02 Feb 22 2012
# -- Compiling package lab2_3_tb_sv_unit
# -- Compiling module lab2_3_tb
# 
# Top level modules:
# 	lab2_3_tb
# vsim -t 1ns work.lab2_3_tb 
# ** Note: (vsim-3812) Design is being optimized...
# 
# ** Note: (vsim-3865) Due to PLI being present, full design access is being specified.
# 
# ** Note: (vopt-143) Recognized 1 FSM in module "month_adv_logic(fast)".
# 
# Loading C:\modeltech_10.1a\win32/novas.dll
# Loading C:\Novas\Debussy\share\PLI\modelsim_pli54\WINNT\novas.dll
# //  ModelSim SE 10.1a Feb 22 2012 
# //
# //  Copyright 1991-2012 Mentor Graphics Corporation
# //  All Rights Reserved.
# //
# //  THIS WORK CONTAINS TRADE SECRET AND PROPRIETARY INFORMATION
# //  WHICH IS THE PROPERTY OF MENTOR GRAPHICS CORPORATION OR ITS
# //  LICENSORS AND IS SUBJECT TO LICENSE TERMS.
# //
# Loading sv_std.std
# Loading work.lab2_3_tb_sv_unit(fast)
# Loading work.lab2_3_tb(fast)
# Loading work.struct_diag(fast)
# Loading work.month_adv_logic(fast)
# Loading work.posedge_pulse(fast)
# Loading work.negedge_pulse(fast)
# Loading work.alarm_clock_controller(fast)
# Loading work.month_date_counter28(fast)
# Loading work.month_date_counter30(fast)
# Loading work.month_date_counter31(fast)
# Loading work.ct_mod_N(fast)
# Loading work.ct_mod_N(fast__1)
# Loading work.ct_mod_N(fast__2)
# Loading work.lcd_int(fast)
# Loading work.alarm(fast)
# Novas FSDB Dumper for ModelSim54, Release 5.4v9 (Win95/NT) 05/04/2005
# Copyright (C) 1996 - 2004 by Novas Software, Inc.
# *Novas* Create FSDB file 'novas.fsdb'
# *Novas* Start dumping the scope(lab2_3_tb), layer(0).
# *Novas* End of dumping.
# 5': before setting. '010100000', Jan 1,                    4
#  _        _        _    _   _    _   _  
# | |   |  | |   |  | |  | | | |  | | | | 
# |_|   |  |_|   |  |_|  |_| |_|  |_| |_| 
# 5':after setting,'1231', manually increment date/month successful                   68
#      _    _        _    _   _    _   _  
#   |  _|   _|   |  | |  | | | |  | | | | 
#   | |_    _|   |  |_|  |_| |_|  |_| |_| 
# 5': '010100',passively increment date/month successful, also testing range month 1-12, date from 1               172868
#  _        _             _   _    _   _  
# | |   |  | |   |    |  | | | |  | | | | 
# |_|   |  |_|   |    |  |_| |_|  |_| |_| 
# 5'---------------testing mod-----------
# testing Feb has 28 days:'0228'               172926
#  _   _    _   _         _   _    _   _  
# | |  _|   _| |_|    |  | | | |  | | | | 
# |_| |_   |_  |_|    |  |_| |_|  |_| |_| 
# 0301
#  _   _    _        _    _   _    _   _  
# | |  _|  | |   |   _|  | | | |  | | | | 
# |_|  _|  |_|   |  |_   |_| |_|  |_| |_| 
# testing April has 30 days: '0430'               345788
#  _        _   _    _    _   _    _   _  
# | | |_|   _| | |   _|  | | | |  | | | | 
# |_|   |   _| |_|  |_   |_| |_|  |_| |_| 
# 5 points: 0501               518588
#  _   _    _        _    _   _    _   _  
# | | |_   | |   |   _|  | | | |  | | | | 
# |_|  _|  |_|   |   _|  |_| |_|  |_| |_| 
# ** Note: $finish    : ../testbench/lab2_3_tb.sv(292)
#    Time: 518688 ns  Iteration: 0  Instance: /lab2_3_tb
